# JRE version: OpenJDK Runtime Environment Temurin-17.0.7+7 (17.0.7+7) (build 17.0.7+7)
# Java VM: OpenJDK 64-Bit Server VM Temurin-17.0.7+7 (17.0.7+7, mixed mode, emulated-client, tiered, compressed oops, compressed class ptrs, g1 gc, windows-amd64)
GC Precious Log:
 CPUs: 8 total, 8 available
 Memory: 16157M
 Large Page Support: Disabled
 NUMA Support: Disabled
 Compressed Oops: Enabled (Zero based)
 Heap Region Size: 2M
 Heap Min Capacity: 8M
 Heap Initial Capacity: 254M
 Heap Max Capacity: 4040M
 Pre-touch: Disabled
 Parallel Workers: 8
 Concurrent Workers: 2
 Concurrent Refinement Workers: 8
 Periodic GC: Disabled
Heap:
 garbage-first heap   total 75776K, used 48826K [0x0000000703800000, 0x0000000800000000)
  region size 2048K, 14 young (28672K), 3 survivors (6144K)
 Metaspace       used 68076K, committed 68608K, reserved 1114112K
  class space    used 9411K, committed 9664K, reserved 1048576K
GC Heap History (20 events):
Event: 1.696 GC heap before
{Heap before GC invocations=2 (full 0):
 garbage-first heap   total 260096K, used 31520K [0x0000000703800000, 0x0000000800000000)
  region size 2048K, 12 young (24576K), 1 survivors (2048K)
 Metaspace       used 21249K, committed 21504K, reserved 1114112K
  class space    used 2502K, committed 2624K, reserved 1048576K
}
Event: 1.699 GC heap after
{Heap after GC invocations=3 (full 0):
 garbage-first heap   total 260096K, used 12390K [0x0000000703800000, 0x0000000800000000)
  region size 2048K, 2 young (4096K), 2 survivors (4096K)
 Metaspace       used 21249K, committed 21504K, reserved 1114112K
  class space    used 2502K, committed 2624K, reserved 1048576K
}
Event: 1.897 GC heap before
{Heap before GC invocations=4 (full 0):
 garbage-first heap   total 55296K, used 36966K [0x0000000703800000, 0x0000000800000000)
  region size 2048K, 15 young (30720K), 2 survivors (4096K)
 Metaspace       used 26579K, committed 26880K, reserved 1114112K
  class space    used 3171K, committed 3328K, reserved 1048576K
}
Event: 1.900 GC heap after
{Heap after GC invocations=5 (full 0):
 garbage-first heap   total 55296K, used 13247K [0x0000000703800000, 0x0000000800000000)
  region size 2048K, 2 young (4096K), 2 survivors (4096K)
 Metaspace       used 26579K, committed 26880K, reserved 1114112K
  class space    used 3171K, committed 3328K, reserved 1048576K
}
Event: 1.923 GC heap before
{Heap before GC invocations=5 (full 0):
 garbage-first heap   total 55296K, used 13247K [0x0000000703800000, 0x0000000800000000)
  region size 2048K, 3 young (6144K), 2 survivors (4096K)
 Metaspace       used 27049K, committed 27328K, reserved 1114112K
  class space    used 3227K, committed 3392K, reserved 1048576K
}
Event: 1.926 GC heap after
{Heap after GC invocations=6 (full 0):
 garbage-first heap   total 55296K, used 13836K [0x0000000703800000, 0x0000000800000000)
  region size 2048K, 1 young (2048K), 1 survivors (2048K)
 Metaspace       used 27049K, committed 27328K, reserved 1114112K
  class space    used 3227K, committed 3392K, reserved 1048576K
}
Event: 2.193 GC heap before
{Heap before GC invocations=6 (full 0):
 garbage-first heap   total 55296K, used 32268K [0x0000000703800000, 0x0000000800000000)
  region size 2048K, 10 young (20480K), 1 survivors (2048K)
 Metaspace       used 28841K, committed 29184K, reserved 1114112K
  class space    used 3427K, committed 3584K, reserved 1048576K
}
Event: 2.196 GC heap after
{Heap after GC invocations=7 (full 0):
 garbage-first heap   total 157696K, used 15301K [0x0000000703800000, 0x0000000800000000)
  region size 2048K, 2 young (4096K), 2 survivors (4096K)
 Metaspace       used 28841K, committed 29184K, reserved 1114112K
  class space    used 3427K, committed 3584K, reserved 1048576K
}
Event: 3.210 GC heap before
{Heap before GC invocations=7 (full 0):
 garbage-first heap   total 157696K, used 84933K [0x0000000703800000, 0x0000000800000000)
  region size 2048K, 37 young (75776K), 2 survivors (4096K)
 Metaspace       used 36074K, committed 36416K, reserved 1114112K
  class space    used 4503K, committed 4672K, reserved 1048576K
}
Event: 3.215 GC heap after
{Heap after GC invocations=8 (full 0):
 garbage-first heap   total 157696K, used 18287K [0x0000000703800000, 0x0000000800000000)
  region size 2048K, 3 young (6144K), 3 survivors (6144K)
 Metaspace       used 36074K, committed 36416K, reserved 1114112K
  class space    used 4503K, committed 4672K, reserved 1048576K
}
Event: 3.991 GC heap before
{Heap before GC invocations=9 (full 0):
 garbage-first heap   total 75776K, used 61295K [0x0000000703800000, 0x0000000800000000)
  region size 2048K, 25 young (51200K), 3 survivors (6144K)
 Metaspace       used 42702K, committed 43072K, reserved 1114112K
  class space    used 5415K, committed 5632K, reserved 1048576K
}
Event: 3.999 GC heap after
{Heap after GC invocations=10 (full 0):
 garbage-first heap   total 75776K, used 21660K [0x0000000703800000, 0x0000000800000000)
  region size 2048K, 5 young (10240K), 5 survivors (10240K)
 Metaspace       used 42702K, committed 43072K, reserved 1114112K
  class space    used 5415K, committed 5632K, reserved 1048576K
}
Event: 4.896 GC heap before
{Heap before GC invocations=11 (full 0):
 garbage-first heap   total 75776K, used 52380K [0x0000000703800000, 0x0000000800000000)
  region size 2048K, 20 young (40960K), 5 survivors (10240K)
 Metaspace       used 49370K, committed 49792K, reserved 1114112K
  class space    used 6467K, committed 6656K, reserved 1048576K
}
Event: 4.903 GC heap after
{Heap after GC invocations=12 (full 0):
 garbage-first heap   total 75776K, used 23888K [0x0000000703800000, 0x0000000800000000)
  region size 2048K, 2 young (4096K), 2 survivors (4096K)
 Metaspace       used 49370K, committed 49792K, reserved 1114112K
  class space    used 6467K, committed 6656K, reserved 1048576K
}
Event: 5.314 GC heap before
{Heap before GC invocations=12 (full 0):
 garbage-first heap   total 75776K, used 52560K [0x0000000703800000, 0x0000000800000000)
  region size 2048K, 16 young (32768K), 2 survivors (4096K)
 Metaspace       used 55831K, committed 56256K, reserved 1114112K
  class space    used 7555K, committed 7744K, reserved 1048576K
}
Event: 5.317 GC heap after
{Heap after GC invocations=13 (full 0):
 garbage-first heap   total 75776K, used 24396K [0x0000000703800000, 0x0000000800000000)
  region size 2048K, 2 young (4096K), 2 survivors (4096K)
 Metaspace       used 55831K, committed 56256K, reserved 1114112K
  class space    used 7555K, committed 7744K, reserved 1048576K
}
Event: 5.809 GC heap before
{Heap before GC invocations=13 (full 0):
 garbage-first heap   total 75776K, used 51020K [0x0000000703800000, 0x0000000800000000)
  region size 2048K, 16 young (32768K), 2 survivors (4096K)
 Metaspace       used 59831K, committed 60288K, reserved 1114112K
  class space    used 8207K, committed 8384K, reserved 1048576K
}
Event: 5.813 GC heap after
{Heap after GC invocations=14 (full 0):
 garbage-first heap   total 75776K, used 26873K [0x0000000703800000, 0x0000000800000000)
  region size 2048K, 2 young (4096K), 2 survivors (4096K)
 Metaspace       used 59831K, committed 60288K, reserved 1114112K
  class space    used 8207K, committed 8384K, reserved 1048576K
}
Event: 6.427 GC heap before
{Heap before GC invocations=14 (full 0):
 garbage-first heap   total 75776K, used 57593K [0x0000000703800000, 0x0000000800000000)
  region size 2048K, 17 young (34816K), 2 survivors (4096K)
 Metaspace       used 65603K, committed 66048K, reserved 1114112K
  class space    used 9043K, committed 9280K, reserved 1048576K
}
Event: 6.432 GC heap after
{Heap after GC invocations=15 (full 0):
 garbage-first heap   total 75776K, used 30394K [0x0000000703800000, 0x0000000800000000)
  region size 2048K, 3 young (6144K), 3 survivors (6144K)
 Metaspace       used 65603K, committed 66048K, reserved 1114112K
  class space    used 9043K, committed 9280K, reserved 1048576K
}

