# JRE version: OpenJDK Runtime Environment Temurin-17.0.7+7 (17.0.7+7) (build 17.0.7+7)
# Java VM: OpenJDK 64-Bit Server VM Temurin-17.0.7+7 (17.0.7+7, mixed mode, emulated-client, tiered, compressed oops, compressed class ptrs, g1 gc, windows-amd64)
GC Precious Log:
 CPUs: 8 total, 8 available
 Memory: 16157M
 Large Page Support: Disabled
 NUMA Support: Disabled
 Compressed Oops: Enabled (Zero based)
 Heap Region Size: 2M
 Heap Min Capacity: 8M
 Heap Initial Capacity: 254M
 Heap Max Capacity: 4040M
 Pre-touch: Disabled
 Parallel Workers: 8
 Concurrent Workers: 2
 Concurrent Refinement Workers: 8
 Periodic GC: Disabled
Heap:
 garbage-first heap   total 161792K, used 76950K [0x0000000703800000, 0x0000000800000000)
  region size 2048K, 31 young (63488K), 2 survivors (4096K)
 Metaspace       used 54595K, committed 55104K, reserved 1114112K
  class space    used 7284K, committed 7552K, reserved 1048576K
GC Heap History (20 events):
Event: 0.675 GC heap before
{Heap before GC invocations=0 (full 0):
 garbage-first heap   total 260096K, used 22528K [0x0000000703800000, 0x0000000800000000)
  region size 2048K, 11 young (22528K), 0 survivors (0K)
 Metaspace       used 15003K, committed 15232K, reserved 1114112K
  class space    used 1570K, committed 1664K, reserved 1048576K
}
Event: 0.679 GC heap after
{Heap after GC invocations=1 (full 0):
 garbage-first heap   total 260096K, used 6644K [0x0000000703800000, 0x0000000800000000)
  region size 2048K, 2 young (4096K), 2 survivors (4096K)
 Metaspace       used 15003K, committed 15232K, reserved 1114112K
  class space    used 1570K, committed 1664K, reserved 1048576K
}
Event: 0.971 GC heap before
{Heap before GC invocations=1 (full 0):
 garbage-first heap   total 260096K, used 29172K [0x0000000703800000, 0x0000000800000000)
  region size 2048K, 14 young (28672K), 2 survivors (4096K)
 Metaspace       used 19437K, committed 19712K, reserved 1114112K
  class space    used 2248K, committed 2368K, reserved 1048576K
}
Event: 0.975 GC heap after
{Heap after GC invocations=2 (full 0):
 garbage-first heap   total 260096K, used 8441K [0x0000000703800000, 0x0000000800000000)
  region size 2048K, 1 young (2048K), 1 survivors (2048K)
 Metaspace       used 19437K, committed 19712K, reserved 1114112K
  class space    used 2248K, committed 2368K, reserved 1048576K
}
Event: 1.024 GC heap before
{Heap before GC invocations=2 (full 0):
 garbage-first heap   total 260096K, used 18681K [0x0000000703800000, 0x0000000800000000)
  region size 2048K, 7 young (14336K), 1 survivors (2048K)
 Metaspace       used 21314K, committed 21504K, reserved 1114112K
  class space    used 2470K, committed 2560K, reserved 1048576K
}
Event: 1.026 GC heap after
{Heap after GC invocations=3 (full 0):
 garbage-first heap   total 260096K, used 8744K [0x0000000703800000, 0x0000000800000000)
  region size 2048K, 1 young (2048K), 1 survivors (2048K)
 Metaspace       used 21314K, committed 21504K, reserved 1114112K
  class space    used 2470K, committed 2560K, reserved 1048576K
}
Event: 1.127 GC heap before
{Heap before GC invocations=4 (full 0):
 garbage-first heap   total 40960K, used 27176K [0x0000000703800000, 0x0000000800000000)
  region size 2048K, 11 young (22528K), 1 survivors (2048K)
 Metaspace       used 25257K, committed 25536K, reserved 1114112K
  class space    used 3006K, committed 3136K, reserved 1048576K
}
Event: 1.129 GC heap after
{Heap after GC invocations=5 (full 0):
 garbage-first heap   total 40960K, used 9505K [0x0000000703800000, 0x0000000800000000)
  region size 2048K, 2 young (4096K), 2 survivors (4096K)
 Metaspace       used 25257K, committed 25536K, reserved 1114112K
  class space    used 3006K, committed 3136K, reserved 1048576K
}
Event: 1.144 GC heap before
{Heap before GC invocations=5 (full 0):
 garbage-first heap   total 40960K, used 11553K [0x0000000703800000, 0x0000000800000000)
  region size 2048K, 3 young (6144K), 2 survivors (4096K)
 Metaspace       used 25784K, committed 26048K, reserved 1114112K
  class space    used 3083K, committed 3200K, reserved 1048576K
}
Event: 1.146 GC heap after
{Heap after GC invocations=6 (full 0):
 garbage-first heap   total 40960K, used 9355K [0x0000000703800000, 0x0000000800000000)
  region size 2048K, 1 young (2048K), 1 survivors (2048K)
 Metaspace       used 25784K, committed 26048K, reserved 1114112K
  class space    used 3083K, committed 3200K, reserved 1048576K
}
Event: 1.299 GC heap before
{Heap before GC invocations=6 (full 0):
 garbage-first heap   total 40960K, used 25739K [0x0000000703800000, 0x0000000800000000)
  region size 2048K, 9 young (18432K), 1 survivors (2048K)
 Metaspace       used 27909K, committed 28160K, reserved 1114112K
  class space    used 3306K, committed 3392K, reserved 1048576K
}
Event: 1.301 GC heap after
{Heap after GC invocations=7 (full 0):
 garbage-first heap   total 151552K, used 10571K [0x0000000703800000, 0x0000000800000000)
  region size 2048K, 2 young (4096K), 2 survivors (4096K)
 Metaspace       used 27909K, committed 28160K, reserved 1114112K
  class space    used 3306K, committed 3392K, reserved 1048576K
}
Event: 2.012 GC heap before
{Heap before GC invocations=7 (full 0):
 garbage-first heap   total 151552K, used 78155K [0x0000000703800000, 0x0000000800000000)
  region size 2048K, 36 young (73728K), 2 survivors (4096K)
 Metaspace       used 35815K, committed 36160K, reserved 1114112K
  class space    used 4562K, committed 4736K, reserved 1048576K
}
Event: 2.016 GC heap after
{Heap after GC invocations=8 (full 0):
 garbage-first heap   total 151552K, used 14107K [0x0000000703800000, 0x0000000800000000)
  region size 2048K, 3 young (6144K), 3 survivors (6144K)
 Metaspace       used 35815K, committed 36160K, reserved 1114112K
  class space    used 4562K, committed 4736K, reserved 1048576K
}
Event: 2.342 GC heap before
{Heap before GC invocations=9 (full 0):
 garbage-first heap   total 61440K, used 44827K [0x0000000703800000, 0x0000000800000000)
  region size 2048K, 18 young (36864K), 3 survivors (6144K)
 Metaspace       used 40837K, committed 41280K, reserved 1114112K
  class space    used 5291K, committed 5504K, reserved 1048576K
}
Event: 2.347 GC heap after
{Heap after GC invocations=10 (full 0):
 garbage-first heap   total 61440K, used 16602K [0x0000000703800000, 0x0000000800000000)
  region size 2048K, 2 young (4096K), 2 survivors (4096K)
 Metaspace       used 40837K, committed 41280K, reserved 1114112K
  class space    used 5291K, committed 5504K, reserved 1048576K
}
Event: 2.368 GC heap before
{Heap before GC invocations=10 (full 0):
 garbage-first heap   total 61440K, used 18650K [0x0000000703800000, 0x0000000800000000)
  region size 2048K, 3 young (6144K), 2 survivors (4096K)
 Metaspace       used 41493K, committed 41856K, reserved 1114112K
  class space    used 5387K, committed 5568K, reserved 1048576K
}
Event: 2.371 GC heap after
{Heap after GC invocations=11 (full 0):
 garbage-first heap   total 61440K, used 16959K [0x0000000703800000, 0x0000000800000000)
  region size 2048K, 1 young (2048K), 1 survivors (2048K)
 Metaspace       used 41493K, committed 41856K, reserved 1114112K
  class space    used 5387K, committed 5568K, reserved 1048576K
}
Event: 2.691 GC heap before
{Heap before GC invocations=11 (full 0):
 garbage-first heap   total 61440K, used 43583K [0x0000000703800000, 0x0000000800000000)
  region size 2048K, 14 young (28672K), 1 survivors (2048K)
 Metaspace       used 47504K, committed 47872K, reserved 1114112K
  class space    used 6228K, committed 6400K, reserved 1048576K
}
Event: 2.693 GC heap after
{Heap after GC invocations=12 (full 0):
 garbage-first heap   total 161792K, used 19606K [0x0000000703800000, 0x0000000800000000)
  region size 2048K, 2 young (4096K), 2 survivors (4096K)
 Metaspace       used 47504K, committed 47872K, reserved 1114112K
  class space    used 6228K, committed 6400K, reserved 1048576K
}

