# JRE version: OpenJDK Runtime Environment Temurin-17.0.7+7 (17.0.7+7) (build 17.0.7+7)
# Java VM: OpenJDK 64-Bit Server VM Temurin-17.0.7+7 (17.0.7+7, mixed mode, emulated-client, tiered, compressed oops, compressed class ptrs, g1 gc, windows-amd64)
GC Precious Log:
 CPUs: 8 total, 8 available
 Memory: 16157M
 Large Page Support: Disabled
 NUMA Support: Disabled
 Compressed Oops: Enabled (Zero based)
 Heap Region Size: 2M
 Heap Min Capacity: 8M
 Heap Initial Capacity: 254M
 Heap Max Capacity: 4040M
 Pre-touch: Disabled
 Parallel Workers: 8
 Concurrent Workers: 2
 Concurrent Refinement Workers: 8
 Periodic GC: Disabled
Heap:
 garbage-first heap   total 81920K, used 35785K [0x0000000703800000, 0x0000000800000000)
  region size 2048K, 11 young (22528K), 3 survivors (6144K)
 Metaspace       used 54405K, committed 54912K, reserved 1114112K
  class space    used 7288K, committed 7552K, reserved 1048576K
GC Heap History (20 events):
Event: 1.061 GC heap before
{Heap before GC invocations=4 (full 0):
 garbage-first heap   total 40960K, used 25338K [0x0000000703800000, 0x0000000800000000)
  region size 2048K, 11 young (22528K), 1 survivors (2048K)
 Metaspace       used 24971K, committed 25280K, reserved 1114112K
  class space    used 2950K, committed 3072K, reserved 1048576K
}
Event: 1.063 GC heap after
{Heap after GC invocations=5 (full 0):
 garbage-first heap   total 40960K, used 9397K [0x0000000703800000, 0x0000000800000000)
  region size 2048K, 2 young (4096K), 2 survivors (4096K)
 Metaspace       used 24971K, committed 25280K, reserved 1114112K
  class space    used 2950K, committed 3072K, reserved 1048576K
}
Event: 1.075 GC heap before
{Heap before GC invocations=5 (full 0):
 garbage-first heap   total 40960K, used 11445K [0x0000000703800000, 0x0000000800000000)
  region size 2048K, 3 young (6144K), 2 survivors (4096K)
 Metaspace       used 25411K, committed 25728K, reserved 1114112K
  class space    used 3023K, committed 3136K, reserved 1048576K
}
Event: 1.077 GC heap after
{Heap after GC invocations=6 (full 0):
 garbage-first heap   total 40960K, used 9270K [0x0000000703800000, 0x0000000800000000)
  region size 2048K, 1 young (2048K), 1 survivors (2048K)
 Metaspace       used 25411K, committed 25728K, reserved 1114112K
  class space    used 3023K, committed 3136K, reserved 1048576K
}
Event: 1.236 GC heap before
{Heap before GC invocations=6 (full 0):
 garbage-first heap   total 40960K, used 23606K [0x0000000703800000, 0x0000000800000000)
  region size 2048K, 9 young (18432K), 1 survivors (2048K)
 Metaspace       used 27814K, committed 28096K, reserved 1114112K
  class space    used 3291K, committed 3392K, reserved 1048576K
}
Event: 1.238 GC heap after
{Heap after GC invocations=7 (full 0):
 garbage-first heap   total 151552K, used 10214K [0x0000000703800000, 0x0000000800000000)
  region size 2048K, 2 young (4096K), 2 survivors (4096K)
 Metaspace       used 27814K, committed 28096K, reserved 1114112K
  class space    used 3291K, committed 3392K, reserved 1048576K
}
Event: 1.503 GC heap before
{Heap before GC invocations=8 (full 0):
 garbage-first heap   total 49152K, used 36838K [0x0000000703800000, 0x0000000800000000)
  region size 2048K, 16 young (32768K), 2 survivors (4096K)
 Metaspace       used 30614K, committed 30976K, reserved 1114112K
  class space    used 3734K, committed 3904K, reserved 1048576K
}
Event: 1.506 GC heap after
{Heap after GC invocations=9 (full 0):
 garbage-first heap   total 49152K, used 11894K [0x0000000703800000, 0x0000000800000000)
  region size 2048K, 2 young (4096K), 2 survivors (4096K)
 Metaspace       used 30614K, committed 30976K, reserved 1114112K
  class space    used 3734K, committed 3904K, reserved 1048576K
}
Event: 1.778 GC heap before
{Heap before GC invocations=9 (full 0):
 garbage-first heap   total 49152K, used 34422K [0x0000000703800000, 0x0000000800000000)
  region size 2048K, 13 young (26624K), 2 survivors (4096K)
 Metaspace       used 32394K, committed 32832K, reserved 1114112K
  class space    used 4014K, committed 4224K, reserved 1048576K
}
Event: 1.781 GC heap after
{Heap after GC invocations=10 (full 0):
 garbage-first heap   total 49152K, used 12567K [0x0000000703800000, 0x0000000800000000)
  region size 2048K, 2 young (4096K), 2 survivors (4096K)
 Metaspace       used 32394K, committed 32832K, reserved 1114112K
  class space    used 4014K, committed 4224K, reserved 1048576K
}
Event: 2.035 GC heap before
{Heap before GC invocations=10 (full 0):
 garbage-first heap   total 49152K, used 33047K [0x0000000703800000, 0x0000000800000000)
  region size 2048K, 12 young (24576K), 2 survivors (4096K)
 Metaspace       used 35773K, committed 36096K, reserved 1114112K
  class space    used 4561K, committed 4736K, reserved 1048576K
}
Event: 2.038 GC heap after
{Heap after GC invocations=11 (full 0):
 garbage-first heap   total 49152K, used 14405K [0x0000000703800000, 0x0000000800000000)
  region size 2048K, 2 young (4096K), 2 survivors (4096K)
 Metaspace       used 35773K, committed 36096K, reserved 1114112K
  class space    used 4561K, committed 4736K, reserved 1048576K
}
Event: 2.278 GC heap before
{Heap before GC invocations=11 (full 0):
 garbage-first heap   total 49152K, used 34885K [0x0000000703800000, 0x0000000800000000)
  region size 2048K, 12 young (24576K), 2 survivors (4096K)
 Metaspace       used 39730K, committed 40192K, reserved 1114112K
  class space    used 5099K, committed 5312K, reserved 1048576K
}
Event: 2.282 GC heap after
{Heap after GC invocations=12 (full 0):
 garbage-first heap   total 49152K, used 15990K [0x0000000703800000, 0x0000000800000000)
  region size 2048K, 2 young (4096K), 2 survivors (4096K)
 Metaspace       used 39730K, committed 40192K, reserved 1114112K
  class space    used 5099K, committed 5312K, reserved 1048576K
}
Event: 2.558 GC heap before
{Heap before GC invocations=12 (full 0):
 garbage-first heap   total 49152K, used 34422K [0x0000000703800000, 0x0000000800000000)
  region size 2048K, 11 young (22528K), 2 survivors (4096K)
 Metaspace       used 43223K, committed 43648K, reserved 1114112K
  class space    used 5632K, committed 5824K, reserved 1048576K
}
Event: 2.563 GC heap after
{Heap after GC invocations=13 (full 0):
 garbage-first heap   total 155648K, used 18020K [0x0000000703800000, 0x0000000800000000)
  region size 2048K, 2 young (4096K), 2 survivors (4096K)
 Metaspace       used 43223K, committed 43648K, reserved 1114112K
  class space    used 5632K, committed 5824K, reserved 1048576K
}
Event: 2.763 GC heap before
{Heap before GC invocations=13 (full 0):
 garbage-first heap   total 155648K, used 34404K [0x0000000703800000, 0x0000000800000000)
  region size 2048K, 11 young (22528K), 2 survivors (4096K)
 Metaspace       used 46486K, committed 46848K, reserved 1114112K
  class space    used 6115K, committed 6272K, reserved 1048576K
}
Event: 2.767 GC heap after
{Heap after GC invocations=14 (full 0):
 garbage-first heap   total 155648K, used 19964K [0x0000000703800000, 0x0000000800000000)
  region size 2048K, 3 young (6144K), 3 survivors (6144K)
 Metaspace       used 46486K, committed 46848K, reserved 1114112K
  class space    used 6115K, committed 6272K, reserved 1048576K
}
Event: 9.510 GC heap before
{Heap before GC invocations=15 (full 0):
 garbage-first heap   total 81920K, used 62972K [0x0000000703800000, 0x0000000800000000)
  region size 2048K, 24 young (49152K), 3 survivors (6144K)
 Metaspace       used 51756K, committed 52288K, reserved 1114112K
  class space    used 6934K, committed 7168K, reserved 1048576K
}
Event: 9.515 GC heap after
{Heap after GC invocations=16 (full 0):
 garbage-first heap   total 81920K, used 23497K [0x0000000703800000, 0x0000000800000000)
  region size 2048K, 3 young (6144K), 3 survivors (6144K)
 Metaspace       used 51756K, committed 52288K, reserved 1114112K
  class space    used 6934K, committed 7168K, reserved 1048576K
}

