# JRE version: OpenJDK Runtime Environment Temurin-17.0.7+7 (17.0.7+7) (build 17.0.7+7)
# Java VM: OpenJDK 64-Bit Server VM Temurin-17.0.7+7 (17.0.7+7, mixed mode, emulated-client, tiered, compressed oops, compressed class ptrs, g1 gc, windows-amd64)
GC Precious Log:
 CPUs: 8 total, 8 available
 Memory: 16157M
 Large Page Support: Disabled
 NUMA Support: Disabled
 Compressed Oops: Enabled (Zero based)
 Heap Region Size: 2M
 Heap Min Capacity: 8M
 Heap Initial Capacity: 254M
 Heap Max Capacity: 4040M
 Pre-touch: Disabled
 Parallel Workers: 8
 Concurrent Workers: 2
 Concurrent Refinement Workers: 8
 Periodic GC: Disabled
Heap:
 garbage-first heap   total 69632K, used 43293K [0x0000000703800000, 0x0000000800000000)
  region size 2048K, 9 young (18432K), 2 survivors (4096K)
 Metaspace       used 68051K, committed 68608K, reserved 1114112K
  class space    used 9402K, committed 9664K, reserved 1048576K
GC Heap History (20 events):
Event: 1.907 GC heap before
{Heap before GC invocations=5 (full 0):
 garbage-first heap   total 61440K, used 15326K [0x0000000703800000, 0x0000000800000000)
  region size 2048K, 3 young (6144K), 2 survivors (4096K)
 Metaspace       used 27303K, committed 27648K, reserved 1114112K
  class space    used 3273K, committed 3456K, reserved 1048576K
}
Event: 1.911 GC heap after
{Heap after GC invocations=6 (full 0):
 garbage-first heap   total 61440K, used 13355K [0x0000000703800000, 0x0000000800000000)
  region size 2048K, 1 young (2048K), 1 survivors (2048K)
 Metaspace       used 27303K, committed 27648K, reserved 1114112K
  class space    used 3273K, committed 3456K, reserved 1048576K
}
Event: 2.412 GC heap before
{Heap before GC invocations=6 (full 0):
 garbage-first heap   total 61440K, used 37931K [0x0000000703800000, 0x0000000800000000)
  region size 2048K, 14 young (28672K), 1 survivors (2048K)
 Metaspace       used 29519K, committed 29888K, reserved 1114112K
  class space    used 3525K, committed 3712K, reserved 1048576K
}
Event: 2.416 GC heap after
{Heap after GC invocations=7 (full 0):
 garbage-first heap   total 161792K, used 15129K [0x0000000703800000, 0x0000000800000000)
  region size 2048K, 2 young (4096K), 2 survivors (4096K)
 Metaspace       used 29519K, committed 29888K, reserved 1114112K
  class space    used 3525K, committed 3712K, reserved 1048576K
}
Event: 3.856 GC heap before
{Heap before GC invocations=7 (full 0):
 garbage-first heap   total 161792K, used 74521K [0x0000000703800000, 0x0000000800000000)
  region size 2048K, 32 young (65536K), 2 survivors (4096K)
 Metaspace       used 36070K, committed 36416K, reserved 1114112K
  class space    used 4498K, committed 4672K, reserved 1048576K
}
Event: 3.862 GC heap after
{Heap after GC invocations=8 (full 0):
 garbage-first heap   total 161792K, used 17552K [0x0000000703800000, 0x0000000800000000)
  region size 2048K, 3 young (6144K), 3 survivors (6144K)
 Metaspace       used 36070K, committed 36416K, reserved 1114112K
  class space    used 4498K, committed 4672K, reserved 1048576K
}
Event: 4.619 GC heap before
{Heap before GC invocations=9 (full 0):
 garbage-first heap   total 69632K, used 52368K [0x0000000703800000, 0x0000000800000000)
  region size 2048K, 20 young (40960K), 3 survivors (6144K)
 Metaspace       used 41524K, committed 41920K, reserved 1114112K
  class space    used 5211K, committed 5440K, reserved 1048576K
}
Event: 4.627 GC heap after
{Heap after GC invocations=10 (full 0):
 garbage-first heap   total 69632K, used 21109K [0x0000000703800000, 0x0000000800000000)
  region size 2048K, 2 young (4096K), 2 survivors (4096K)
 Metaspace       used 41524K, committed 41920K, reserved 1114112K
  class space    used 5211K, committed 5440K, reserved 1048576K
}
Event: 4.667 GC heap before
{Heap before GC invocations=10 (full 0):
 garbage-first heap   total 69632K, used 23157K [0x0000000703800000, 0x0000000800000000)
  region size 2048K, 3 young (6144K), 2 survivors (4096K)
 Metaspace       used 41660K, committed 42048K, reserved 1114112K
  class space    used 5225K, committed 5440K, reserved 1048576K
}
Event: 4.672 GC heap after
{Heap after GC invocations=11 (full 0):
 garbage-first heap   total 69632K, used 21053K [0x0000000703800000, 0x0000000800000000)
  region size 2048K, 1 young (2048K), 1 survivors (2048K)
 Metaspace       used 41660K, committed 42048K, reserved 1114112K
  class space    used 5225K, committed 5440K, reserved 1048576K
}
Event: 5.606 GC heap before
{Heap before GC invocations=11 (full 0):
 garbage-first heap   total 69632K, used 47677K [0x0000000703800000, 0x0000000800000000)
  region size 2048K, 14 young (28672K), 1 survivors (2048K)
 Metaspace       used 45962K, committed 46336K, reserved 1114112K
  class space    used 5850K, committed 6016K, reserved 1048576K
}
Event: 5.609 GC heap after
{Heap after GC invocations=12 (full 0):
 garbage-first heap   total 69632K, used 22195K [0x0000000703800000, 0x0000000800000000)
  region size 2048K, 1 young (2048K), 1 survivors (2048K)
 Metaspace       used 45962K, committed 46336K, reserved 1114112K
  class space    used 5850K, committed 6016K, reserved 1048576K
}
Event: 6.254 GC heap before
{Heap before GC invocations=13 (full 0):
 garbage-first heap   total 69632K, used 50867K [0x0000000703800000, 0x0000000800000000)
  region size 2048K, 15 young (30720K), 1 survivors (2048K)
 Metaspace       used 53640K, committed 54080K, reserved 1114112K
  class space    used 7151K, committed 7360K, reserved 1048576K
}
Event: 6.257 GC heap after
{Heap after GC invocations=14 (full 0):
 garbage-first heap   total 69632K, used 23291K [0x0000000703800000, 0x0000000800000000)
  region size 2048K, 2 young (4096K), 2 survivors (4096K)
 Metaspace       used 53640K, committed 54080K, reserved 1114112K
  class space    used 7151K, committed 7360K, reserved 1048576K
}
Event: 6.747 GC heap before
{Heap before GC invocations=14 (full 0):
 garbage-first heap   total 69632K, used 49915K [0x0000000703800000, 0x0000000800000000)
  region size 2048K, 16 young (32768K), 2 survivors (4096K)
 Metaspace       used 58087K, committed 58496K, reserved 1114112K
  class space    used 7957K, committed 8128K, reserved 1048576K
}
Event: 6.751 GC heap after
{Heap after GC invocations=15 (full 0):
 garbage-first heap   total 69632K, used 25112K [0x0000000703800000, 0x0000000800000000)
  region size 2048K, 2 young (4096K), 2 survivors (4096K)
 Metaspace       used 58087K, committed 58496K, reserved 1114112K
  class space    used 7957K, committed 8128K, reserved 1048576K
}
Event: 7.329 GC heap before
{Heap before GC invocations=15 (full 0):
 garbage-first heap   total 69632K, used 51736K [0x0000000703800000, 0x0000000800000000)
  region size 2048K, 15 young (30720K), 2 survivors (4096K)
 Metaspace       used 63298K, committed 63872K, reserved 1114112K
  class space    used 8676K, committed 8960K, reserved 1048576K
}
Event: 7.334 GC heap after
{Heap after GC invocations=16 (full 0):
 garbage-first heap   total 69632K, used 27826K [0x0000000703800000, 0x0000000800000000)
  region size 2048K, 2 young (4096K), 2 survivors (4096K)
 Metaspace       used 63298K, committed 63872K, reserved 1114112K
  class space    used 8676K, committed 8960K, reserved 1048576K
}
Event: 7.727 GC heap before
{Heap before GC invocations=16 (full 0):
 garbage-first heap   total 69632K, used 52402K [0x0000000703800000, 0x0000000800000000)
  region size 2048K, 14 young (28672K), 2 survivors (4096K)
 Metaspace       used 66669K, committed 67136K, reserved 1114112K
  class space    used 9192K, committed 9408K, reserved 1048576K
}
Event: 7.733 GC heap after
{Heap after GC invocations=17 (full 0):
 garbage-first heap   total 69632K, used 31005K [0x0000000703800000, 0x0000000800000000)
  region size 2048K, 2 young (4096K), 2 survivors (4096K)
 Metaspace       used 66669K, committed 67136K, reserved 1114112K
  class space    used 9192K, committed 9408K, reserved 1048576K
}

